<?xml version="1.0" encoding="UTF-8"?>
<!-- Generated by org.testng.reporters.JUnitReportReporter -->
<testsuite hostname="WKWIN7248332" failures="0" tests="1" name="ui.Assigment" time="44.441" errors="0" timestamp="2022-09-11T20:11:13 IST" skipped="0">
  <testcase classname="ui.Assigment" name="seleniumTest" time="44.441"/>
  <system-out/>
</testsuite> <!-- ui.Assigment -->
