<?xml version="1.0" encoding="UTF-8"?>
<!-- Generated by org.testng.reporters.JUnitReportReporter -->
<testsuite hostname="WKWIN7248332" failures="0" tests="1" name="testngWithSelenium.Assignment" time="38.175" errors="0" timestamp="2022-09-13T18:00:01 IST" skipped="0">
  <testcase classname="testngWithSelenium.Assignment" name="seleniumTest" time="38.175"/>
  <system-out/>
</testsuite> <!-- testngWithSelenium.Assignment -->
