<?xml version="1.0" encoding="UTF-8"?>
<!-- Generated by org.testng.reporters.JUnitReportReporter -->
<testsuite hostname="WKWIN7248332" failures="0" tests="1" name="testngWithSelenium.Assignment" time="35.797" errors="0" timestamp="2022-09-12T16:18:12 IST" skipped="0">
  <testcase classname="testngWithSelenium.Assignment" name="seleniumTest" time="35.797"/>
  <system-out/>
</testsuite> <!-- testngWithSelenium.Assignment -->
